# JRE version: OpenJDK Runtime Environment Temurin-17.0.3+7 (17.0.3+7) (build 17.0.3+7)
# Java VM: OpenJDK 64-Bit Server VM Temurin-17.0.3+7 (17.0.3+7, mixed mode, sharing, tiered, compressed oops, compressed class ptrs, g1 gc, windows-amd64)
GC Precious Log:
 CPUs: 4 total, 4 available
 Memory: 16269M
 Large Page Support: Disabled
 NUMA Support: Disabled
 Compressed Oops: Enabled (Zero based)
 Heap Region Size: 2M
 Heap Min Capacity: 512M
 Heap Initial Capacity: 512M
 Heap Max Capacity: 4072M
 Pre-touch: Disabled
 Parallel Workers: 4
 Concurrent Workers: 1
 Concurrent Refinement Workers: 4
 Periodic GC: Disabled
 String Deduplication is enabled
Heap:
 garbage-first heap   total 524288K, used 99712K [0x0000000701800000, 0x0000000800000000)
  region size 2048K, 17 young (34816K), 5 survivors (10240K)
 Metaspace       used 55719K, committed 56128K, reserved 1097728K
  class space    used 7464K, committed 7680K, reserved 1048576K
GC Heap History (20 events):
Event: 13.681 GC heap before
{Heap before GC invocations=1 (full 0):
 garbage-first heap   total 524288K, used 93860K [0x0000000701800000, 0x0000000800000000)
  region size 2048K, 40 young (81920K), 5 survivors (10240K)
 Metaspace       used 16406K, committed 16576K, reserved 1064960K
  class space    used 1564K, committed 1664K, reserved 1048576K
}
Event: 13.686 GC heap after
{Heap after GC invocations=2 (full 0):
 garbage-first heap   total 524288K, used 26161K [0x0000000701800000, 0x0000000800000000)
  region size 2048K, 2 young (4096K), 2 survivors (4096K)
 Metaspace       used 16406K, committed 16576K, reserved 1064960K
  class space    used 1564K, committed 1664K, reserved 1048576K
}
Event: 13.740 GC heap before
{Heap before GC invocations=2 (full 0):
 garbage-first heap   total 524288K, used 103985K [0x0000000701800000, 0x0000000800000000)
  region size 2048K, 40 young (81920K), 2 survivors (4096K)
 Metaspace       used 16615K, committed 16768K, reserved 1064960K
  class space    used 1581K, committed 1664K, reserved 1048576K
}
Event: 13.744 GC heap after
{Heap after GC invocations=3 (full 0):
 garbage-first heap   total 524288K, used 26258K [0x0000000701800000, 0x0000000800000000)
  region size 2048K, 2 young (4096K), 2 survivors (4096K)
 Metaspace       used 16615K, committed 16768K, reserved 1064960K
  class space    used 1581K, committed 1664K, reserved 1048576K
}
Event: 13.779 GC heap before
{Heap before GC invocations=3 (full 0):
 garbage-first heap   total 524288K, used 104082K [0x0000000701800000, 0x0000000800000000)
  region size 2048K, 40 young (81920K), 2 survivors (4096K)
 Metaspace       used 16625K, committed 16768K, reserved 1064960K
  class space    used 1581K, committed 1664K, reserved 1048576K
}
Event: 13.782 GC heap after
{Heap after GC invocations=4 (full 0):
 garbage-first heap   total 524288K, used 26348K [0x0000000701800000, 0x0000000800000000)
  region size 2048K, 2 young (4096K), 2 survivors (4096K)
 Metaspace       used 16625K, committed 16768K, reserved 1064960K
  class space    used 1581K, committed 1664K, reserved 1048576K
}
Event: 13.813 GC heap before
{Heap before GC invocations=4 (full 0):
 garbage-first heap   total 524288K, used 104172K [0x0000000701800000, 0x0000000800000000)
  region size 2048K, 40 young (81920K), 2 survivors (4096K)
 Metaspace       used 16625K, committed 16768K, reserved 1064960K
  class space    used 1581K, committed 1664K, reserved 1048576K
}
Event: 13.815 GC heap after
{Heap after GC invocations=5 (full 0):
 garbage-first heap   total 524288K, used 26341K [0x0000000701800000, 0x0000000800000000)
  region size 2048K, 2 young (4096K), 2 survivors (4096K)
 Metaspace       used 16625K, committed 16768K, reserved 1064960K
  class space    used 1581K, committed 1664K, reserved 1048576K
}
Event: 13.848 GC heap before
{Heap before GC invocations=5 (full 0):
 garbage-first heap   total 524288K, used 104165K [0x0000000701800000, 0x0000000800000000)
  region size 2048K, 40 young (81920K), 2 survivors (4096K)
 Metaspace       used 16662K, committed 16832K, reserved 1064960K
  class space    used 1593K, committed 1664K, reserved 1048576K
}
Event: 13.850 GC heap after
{Heap after GC invocations=6 (full 0):
 garbage-first heap   total 524288K, used 25997K [0x0000000701800000, 0x0000000800000000)
  region size 2048K, 2 young (4096K), 2 survivors (4096K)
 Metaspace       used 16662K, committed 16832K, reserved 1064960K
  class space    used 1593K, committed 1664K, reserved 1048576K
}
Event: 13.891 GC heap before
{Heap before GC invocations=6 (full 0):
 garbage-first heap   total 524288K, used 103821K [0x0000000701800000, 0x0000000800000000)
  region size 2048K, 40 young (81920K), 2 survivors (4096K)
 Metaspace       used 17033K, committed 17216K, reserved 1064960K
  class space    used 1653K, committed 1728K, reserved 1048576K
}
Event: 13.895 GC heap after
{Heap after GC invocations=7 (full 0):
 garbage-first heap   total 862208K, used 26057K [0x0000000701800000, 0x0000000800000000)
  region size 2048K, 2 young (4096K), 2 survivors (4096K)
 Metaspace       used 17033K, committed 17216K, reserved 1064960K
  class space    used 1653K, committed 1728K, reserved 1048576K
}
Event: 15.419 GC heap before
{Heap before GC invocations=7 (full 0):
 garbage-first heap   total 862208K, used 67017K [0x0000000701800000, 0x0000000800000000)
  region size 2048K, 23 young (47104K), 2 survivors (4096K)
 Metaspace       used 21318K, committed 21504K, reserved 1073152K
  class space    used 2191K, committed 2304K, reserved 1048576K
}
Event: 15.423 GC heap after
{Heap after GC invocations=8 (full 0):
 garbage-first heap   total 862208K, used 27090K [0x0000000701800000, 0x0000000800000000)
  region size 2048K, 3 young (6144K), 3 survivors (6144K)
 Metaspace       used 21318K, committed 21504K, reserved 1073152K
  class space    used 2191K, committed 2304K, reserved 1048576K
}
Event: 23.601 GC heap before
{Heap before GC invocations=9 (full 0):
 garbage-first heap   total 524288K, used 133586K [0x0000000701800000, 0x0000000800000000)
  region size 2048K, 34 young (69632K), 3 survivors (6144K)
 Metaspace       used 35785K, committed 35968K, reserved 1081344K
  class space    used 4260K, committed 4352K, reserved 1048576K
}
Event: 23.612 GC heap after
{Heap after GC invocations=10 (full 0):
 garbage-first heap   total 524288K, used 51605K [0x0000000701800000, 0x0000000800000000)
  region size 2048K, 5 young (10240K), 5 survivors (10240K)
 Metaspace       used 35785K, committed 35968K, reserved 1081344K
  class space    used 4260K, committed 4352K, reserved 1048576K
}
Event: 34.659 GC heap before
{Heap before GC invocations=11 (full 0):
 garbage-first heap   total 524288K, used 121237K [0x0000000701800000, 0x0000000800000000)
  region size 2048K, 40 young (81920K), 5 survivors (10240K)
 Metaspace       used 47323K, committed 47552K, reserved 1097728K
  class space    used 6150K, committed 6272K, reserved 1048576K
}
Event: 34.675 GC heap after
{Heap after GC invocations=12 (full 0):
 garbage-first heap   total 524288K, used 61581K [0x0000000701800000, 0x0000000800000000)
  region size 2048K, 5 young (10240K), 5 survivors (10240K)
 Metaspace       used 47323K, committed 47552K, reserved 1097728K
  class space    used 6150K, committed 6272K, reserved 1048576K
}
Event: 39.043 GC heap before
{Heap before GC invocations=12 (full 0):
 garbage-first heap   total 524288K, used 141453K [0x0000000701800000, 0x0000000800000000)
  region size 2048K, 40 young (81920K), 5 survivors (10240K)
 Metaspace       used 53607K, committed 53952K, reserved 1097728K
  class space    used 7189K, committed 7360K, reserved 1048576K
}
Event: 39.057 GC heap after
{Heap after GC invocations=13 (full 0):
 garbage-first heap   total 524288K, used 79232K [0x0000000701800000, 0x0000000800000000)
  region size 2048K, 5 young (10240K), 5 survivors (10240K)
 Metaspace       used 53607K, committed 53952K, reserved 1097728K
  class space    used 7189K, committed 7360K, reserved 1048576K
}

