# JRE version: OpenJDK Runtime Environment Temurin-17.0.3+7 (17.0.3+7) (build 17.0.3+7)
# Java VM: OpenJDK 64-Bit Server VM Temurin-17.0.3+7 (17.0.3+7, mixed mode, sharing, tiered, compressed oops, compressed class ptrs, g1 gc, windows-amd64)
GC Precious Log:
 CPUs: 4 total, 4 available
 Memory: 16269M
 Large Page Support: Disabled
 NUMA Support: Disabled
 Compressed Oops: Enabled (Zero based)
 Heap Region Size: 2M
 Heap Min Capacity: 512M
 Heap Initial Capacity: 512M
 Heap Max Capacity: 4072M
 Pre-touch: Disabled
 Parallel Workers: 4
 Concurrent Workers: 1
 Concurrent Refinement Workers: 4
 Periodic GC: Disabled
 String Deduplication is enabled
Heap:
 garbage-first heap   total 524288K, used 99464K [0x0000000701800000, 0x0000000800000000)
  region size 2048K, 18 young (36864K), 5 survivors (10240K)
 Metaspace       used 55706K, committed 56064K, reserved 1097728K
  class space    used 7464K, committed 7680K, reserved 1048576K
GC Heap History (20 events):
Event: 15.049 GC heap before
{Heap before GC invocations=1 (full 0):
 garbage-first heap   total 524288K, used 91756K [0x0000000701800000, 0x0000000800000000)
  region size 2048K, 40 young (81920K), 5 survivors (10240K)
 Metaspace       used 16262K, committed 16448K, reserved 1064960K
  class space    used 1533K, committed 1600K, reserved 1048576K
}
Event: 15.055 GC heap after
{Heap after GC invocations=2 (full 0):
 garbage-first heap   total 524288K, used 25501K [0x0000000701800000, 0x0000000800000000)
  region size 2048K, 2 young (4096K), 2 survivors (4096K)
 Metaspace       used 16262K, committed 16448K, reserved 1064960K
  class space    used 1533K, committed 1600K, reserved 1048576K
}
Event: 15.100 GC heap before
{Heap before GC invocations=2 (full 0):
 garbage-first heap   total 524288K, used 103325K [0x0000000701800000, 0x0000000800000000)
  region size 2048K, 40 young (81920K), 2 survivors (4096K)
 Metaspace       used 16378K, committed 16576K, reserved 1064960K
  class space    used 1556K, committed 1664K, reserved 1048576K
}
Event: 15.103 GC heap after
{Heap after GC invocations=3 (full 0):
 garbage-first heap   total 524288K, used 25815K [0x0000000701800000, 0x0000000800000000)
  region size 2048K, 2 young (4096K), 2 survivors (4096K)
 Metaspace       used 16378K, committed 16576K, reserved 1064960K
  class space    used 1556K, committed 1664K, reserved 1048576K
}
Event: 15.145 GC heap before
{Heap before GC invocations=3 (full 0):
 garbage-first heap   total 524288K, used 103639K [0x0000000701800000, 0x0000000800000000)
  region size 2048K, 40 young (81920K), 2 survivors (4096K)
 Metaspace       used 16586K, committed 16768K, reserved 1064960K
  class space    used 1574K, committed 1664K, reserved 1048576K
}
Event: 15.150 GC heap after
{Heap after GC invocations=4 (full 0):
 garbage-first heap   total 524288K, used 25646K [0x0000000701800000, 0x0000000800000000)
  region size 2048K, 2 young (4096K), 2 survivors (4096K)
 Metaspace       used 16586K, committed 16768K, reserved 1064960K
  class space    used 1574K, committed 1664K, reserved 1048576K
}
Event: 15.181 GC heap before
{Heap before GC invocations=4 (full 0):
 garbage-first heap   total 524288K, used 103470K [0x0000000701800000, 0x0000000800000000)
  region size 2048K, 40 young (81920K), 2 survivors (4096K)
 Metaspace       used 16600K, committed 16768K, reserved 1064960K
  class space    used 1578K, committed 1664K, reserved 1048576K
}
Event: 15.183 GC heap after
{Heap after GC invocations=5 (full 0):
 garbage-first heap   total 524288K, used 25711K [0x0000000701800000, 0x0000000800000000)
  region size 2048K, 2 young (4096K), 2 survivors (4096K)
 Metaspace       used 16600K, committed 16768K, reserved 1064960K
  class space    used 1578K, committed 1664K, reserved 1048576K
}
Event: 15.225 GC heap before
{Heap before GC invocations=5 (full 0):
 garbage-first heap   total 524288K, used 103535K [0x0000000701800000, 0x0000000800000000)
  region size 2048K, 40 young (81920K), 2 survivors (4096K)
 Metaspace       used 16600K, committed 16768K, reserved 1064960K
  class space    used 1578K, committed 1664K, reserved 1048576K
}
Event: 15.228 GC heap after
{Heap after GC invocations=6 (full 0):
 garbage-first heap   total 524288K, used 25196K [0x0000000701800000, 0x0000000800000000)
  region size 2048K, 2 young (4096K), 2 survivors (4096K)
 Metaspace       used 16600K, committed 16768K, reserved 1064960K
  class space    used 1578K, committed 1664K, reserved 1048576K
}
Event: 15.263 GC heap before
{Heap before GC invocations=6 (full 0):
 garbage-first heap   total 524288K, used 103020K [0x0000000701800000, 0x0000000800000000)
  region size 2048K, 40 young (81920K), 2 survivors (4096K)
 Metaspace       used 16707K, committed 16832K, reserved 1064960K
  class space    used 1604K, committed 1664K, reserved 1048576K
}
Event: 15.266 GC heap after
{Heap after GC invocations=7 (full 0):
 garbage-first heap   total 841728K, used 25102K [0x0000000701800000, 0x0000000800000000)
  region size 2048K, 2 young (4096K), 2 survivors (4096K)
 Metaspace       used 16707K, committed 16832K, reserved 1064960K
  class space    used 1604K, committed 1664K, reserved 1048576K
}
Event: 16.820 GC heap before
{Heap before GC invocations=7 (full 0):
 garbage-first heap   total 841728K, used 76302K [0x0000000701800000, 0x0000000800000000)
  region size 2048K, 29 young (59392K), 2 survivors (4096K)
 Metaspace       used 21298K, committed 21504K, reserved 1073152K
  class space    used 2184K, committed 2304K, reserved 1048576K
}
Event: 16.824 GC heap after
{Heap after GC invocations=8 (full 0):
 garbage-first heap   total 841728K, used 26469K [0x0000000701800000, 0x0000000800000000)
  region size 2048K, 3 young (6144K), 3 survivors (6144K)
 Metaspace       used 21298K, committed 21504K, reserved 1073152K
  class space    used 2184K, committed 2304K, reserved 1048576K
}
Event: 25.064 GC heap before
{Heap before GC invocations=9 (full 0):
 garbage-first heap   total 524288K, used 132965K [0x0000000701800000, 0x0000000800000000)
  region size 2048K, 34 young (69632K), 3 survivors (6144K)
 Metaspace       used 35810K, committed 35968K, reserved 1081344K
  class space    used 4260K, committed 4352K, reserved 1048576K
}
Event: 25.074 GC heap after
{Heap after GC invocations=10 (full 0):
 garbage-first heap   total 524288K, used 50286K [0x0000000701800000, 0x0000000800000000)
  region size 2048K, 5 young (10240K), 5 survivors (10240K)
 Metaspace       used 35810K, committed 35968K, reserved 1081344K
  class space    used 4260K, committed 4352K, reserved 1048576K
}
Event: 36.002 GC heap before
{Heap before GC invocations=11 (full 0):
 garbage-first heap   total 524288K, used 121966K [0x0000000701800000, 0x0000000800000000)
  region size 2048K, 40 young (81920K), 5 survivors (10240K)
 Metaspace       used 47292K, committed 47552K, reserved 1097728K
  class space    used 6150K, committed 6272K, reserved 1048576K
}
Event: 36.018 GC heap after
{Heap after GC invocations=12 (full 0):
 garbage-first heap   total 524288K, used 60314K [0x0000000701800000, 0x0000000800000000)
  region size 2048K, 5 young (10240K), 5 survivors (10240K)
 Metaspace       used 47292K, committed 47552K, reserved 1097728K
  class space    used 6150K, committed 6272K, reserved 1048576K
}
Event: 40.335 GC heap before
{Heap before GC invocations=12 (full 0):
 garbage-first heap   total 524288K, used 140186K [0x0000000701800000, 0x0000000800000000)
  region size 2048K, 40 young (81920K), 5 survivors (10240K)
 Metaspace       used 53471K, committed 53824K, reserved 1097728K
  class space    used 7168K, committed 7360K, reserved 1048576K
}
Event: 40.348 GC heap after
{Heap after GC invocations=13 (full 0):
 garbage-first heap   total 524288K, used 76936K [0x0000000701800000, 0x0000000800000000)
  region size 2048K, 5 young (10240K), 5 survivors (10240K)
 Metaspace       used 53471K, committed 53824K, reserved 1097728K
  class space    used 7168K, committed 7360K, reserved 1048576K
}

